[ 2016-04-18T00:32:25+08:00 ] ::1 /active-code/Seq/seqlist26.html
INFO: [ app_init ] --START--
INFO: Run Behavior\BuildLiteBehavior [ RunTime:0.000033s ]
INFO: [ app_init ] --END-- [ RunTime:0.000881s ]

[ 2016-04-18T00:32:27+08:00 ] ::1 /active-code/
INFO: [ app_init ] --START--
INFO: Run Behavior\BuildLiteBehavior [ RunTime:0.000021s ]
INFO: [ app_init ] --END-- [ RunTime:0.000534s ]

[ 2016-04-18T00:32:30+08:00 ] ::1 /active-code/Index/vercode?type=6
INFO: [ app_init ] --START--
INFO: Run Behavior\BuildLiteBehavior [ RunTime:0.000022s ]
INFO: [ app_init ] --END-- [ RunTime:0.000546s ]

[ 2016-04-18T00:32:30+08:00 ] ::1 /active-code/Index/add_verify.html
INFO: [ app_init ] --START--
INFO: Run Behavior\BuildLiteBehavior [ RunTime:0.000029s ]
INFO: [ app_init ] --END-- [ RunTime:0.000681s ]

[ 2016-04-18T00:32:37+08:00 ] ::1 /active-code/Index/inspec.html?type=6
INFO: [ app_init ] --START--
INFO: Run Behavior\BuildLiteBehavior [ RunTime:0.000023s ]
INFO: [ app_init ] --END-- [ RunTime:0.000517s ]

[ 2016-04-18T00:32:40+08:00 ] ::1 /active-code/Seq/seqlist6.html
INFO: [ app_init ] --START--
INFO: Run Behavior\BuildLiteBehavior [ RunTime:0.000020s ]
INFO: [ app_init ] --END-- [ RunTime:0.000497s ]

[ 2016-04-18T15:51:37+08:00 ] ::1 /active-code/
INFO: [ app_init ] --START--
INFO: Run Behavior\BuildLiteBehavior [ RunTime:0.000028s ]
INFO: [ app_init ] --END-- [ RunTime:0.042330s ]

[ 2016-04-18T16:07:02+08:00 ] ::1 /active-code/
INFO: [ app_init ] --START--
INFO: Run Behavior\BuildLiteBehavior [ RunTime:0.000020s ]
INFO: [ app_init ] --END-- [ RunTime:0.000403s ]

[ 2016-04-18T16:07:03+08:00 ] ::1 /active-code/
INFO: [ app_init ] --START--
INFO: Run Behavior\BuildLiteBehavior [ RunTime:0.000022s ]
INFO: [ app_init ] --END-- [ RunTime:0.000420s ]

[ 2016-04-18T16:07:03+08:00 ] ::1 /active-code/
INFO: [ app_init ] --START--
INFO: Run Behavior\BuildLiteBehavior [ RunTime:0.000022s ]
INFO: [ app_init ] --END-- [ RunTime:0.000483s ]

[ 2016-04-18T16:07:03+08:00 ] ::1 /active-code/
INFO: [ app_init ] --START--
INFO: Run Behavior\BuildLiteBehavior [ RunTime:0.000021s ]
INFO: [ app_init ] --END-- [ RunTime:0.000402s ]

[ 2016-04-18T16:07:16+08:00 ] ::1 /active-code/Index/vercode?type=14
INFO: [ app_init ] --START--
INFO: Run Behavior\BuildLiteBehavior [ RunTime:0.000021s ]
INFO: [ app_init ] --END-- [ RunTime:0.000491s ]

[ 2016-04-18T16:07:16+08:00 ] ::1 /active-code/Index/add_verify.html
INFO: [ app_init ] --START--
INFO: Run Behavior\BuildLiteBehavior [ RunTime:0.000032s ]
INFO: [ app_init ] --END-- [ RunTime:0.000640s ]

[ 2016-04-18T16:07:17+08:00 ] ::1 /active-code/
INFO: [ app_init ] --START--
INFO: Run Behavior\BuildLiteBehavior [ RunTime:0.000018s ]
INFO: [ app_init ] --END-- [ RunTime:0.000404s ]

[ 2016-04-18T16:07:22+08:00 ] ::1 /active-code/Index/vercode?type=14
INFO: [ app_init ] --START--
INFO: Run Behavior\BuildLiteBehavior [ RunTime:0.000017s ]
INFO: [ app_init ] --END-- [ RunTime:0.000395s ]

[ 2016-04-18T16:07:23+08:00 ] ::1 /active-code/Index/add_verify.html
INFO: [ app_init ] --START--
INFO: Run Behavior\BuildLiteBehavior [ RunTime:0.000021s ]
INFO: [ app_init ] --END-- [ RunTime:0.000585s ]

[ 2016-04-18T16:07:27+08:00 ] ::1 /active-code/Index/inspec.html?type=14
INFO: [ app_init ] --START--
INFO: Run Behavior\BuildLiteBehavior [ RunTime:0.000019s ]
INFO: [ app_init ] --END-- [ RunTime:0.000414s ]

[ 2016-04-18T16:07:30+08:00 ] ::1 /active-code/Seq/seqlist14.html
INFO: [ app_init ] --START--
INFO: Run Behavior\BuildLiteBehavior [ RunTime:0.000022s ]
INFO: [ app_init ] --END-- [ RunTime:0.000601s ]

[ 2016-04-18T16:07:36+08:00 ] ::1 /active-code/
INFO: [ app_init ] --START--
INFO: Run Behavior\BuildLiteBehavior [ RunTime:0.000021s ]
INFO: [ app_init ] --END-- [ RunTime:0.000451s ]

[ 2016-04-18T16:07:44+08:00 ] ::1 /active-code/Index/vercode?type=15
INFO: [ app_init ] --START--
INFO: Run Behavior\BuildLiteBehavior [ RunTime:0.000022s ]
INFO: [ app_init ] --END-- [ RunTime:0.000545s ]

[ 2016-04-18T16:07:44+08:00 ] ::1 /active-code/Index/add_verify.html
INFO: [ app_init ] --START--
INFO: Run Behavior\BuildLiteBehavior [ RunTime:0.000021s ]
INFO: [ app_init ] --END-- [ RunTime:0.000438s ]

[ 2016-04-18T16:07:49+08:00 ] ::1 /active-code/Index/inspec.html?type=15
INFO: [ app_init ] --START--
INFO: Run Behavior\BuildLiteBehavior [ RunTime:0.000019s ]
INFO: [ app_init ] --END-- [ RunTime:0.000432s ]

[ 2016-04-18T16:07:51+08:00 ] ::1 /active-code/Seq/seqlist15.html
INFO: [ app_init ] --START--
INFO: Run Behavior\BuildLiteBehavior [ RunTime:0.000027s ]
INFO: [ app_init ] --END-- [ RunTime:0.000521s ]

[ 2016-04-18T16:07:55+08:00 ] ::1 /active-code/
INFO: [ app_init ] --START--
INFO: Run Behavior\BuildLiteBehavior [ RunTime:0.000018s ]
INFO: [ app_init ] --END-- [ RunTime:0.000394s ]

[ 2016-04-18T16:07:57+08:00 ] ::1 /active-code/Index/vercode?type=15
INFO: [ app_init ] --START--
INFO: Run Behavior\BuildLiteBehavior [ RunTime:0.000019s ]
INFO: [ app_init ] --END-- [ RunTime:0.000448s ]

[ 2016-04-18T16:07:57+08:00 ] ::1 /active-code/Index/add_verify.html
INFO: [ app_init ] --START--
INFO: Run Behavior\BuildLiteBehavior [ RunTime:0.000027s ]
INFO: [ app_init ] --END-- [ RunTime:0.000545s ]

[ 2016-04-18T16:08:01+08:00 ] ::1 /active-code/Index/inspec.html?type=15
INFO: [ app_init ] --START--
INFO: Run Behavior\BuildLiteBehavior [ RunTime:0.000021s ]
INFO: [ app_init ] --END-- [ RunTime:0.000455s ]

[ 2016-04-18T16:08:03+08:00 ] ::1 /active-code/Seq/seqlist15.html
INFO: [ app_init ] --START--
INFO: Run Behavior\BuildLiteBehavior [ RunTime:0.000067s ]
INFO: [ app_init ] --END-- [ RunTime:0.000973s ]

