[ 2016-04-14T20:03:15+08:00 ] ::1 /active-code/ff_files/style2.css
INFO: [ app_init ] --START--
INFO: Run Behavior\BuildLiteBehavior [ RunTime:0.000036s ]
INFO: [ app_init ] --END-- [ RunTime:0.000689s ]
ERR: 无法加载模块:Ff_files

[ 2016-04-14T20:03:15+08:00 ] ::1 /active-code/ff_files/z_stat.php
INFO: [ app_init ] --START--
INFO: Run Behavior\BuildLiteBehavior [ RunTime:0.000032s ]
INFO: [ app_init ] --END-- [ RunTime:0.000677s ]
ERR: 无法加载模块:Ff_files

[ 2016-04-14T20:03:15+08:00 ] ::1 /active-code/ff_files/21.gif
INFO: [ app_init ] --START--
INFO: Run Behavior\BuildLiteBehavior [ RunTime:0.000031s ]
INFO: [ app_init ] --END-- [ RunTime:0.000565s ]
ERR: 无法加载模块:Ff_files

[ 2016-04-14T20:03:15+08:00 ] ::1 /active-code/ff_files/h.js
INFO: [ app_init ] --START--
INFO: Run Behavior\BuildLiteBehavior [ RunTime:0.000020s ]
INFO: [ app_init ] --END-- [ RunTime:0.000422s ]
ERR: 无法加载模块:Ff_files

s

[ 2016-04-14T20:03:15+08:00 ] ::1 /active-code/ff_files/core.php
INFO: [ app_init ] --START--
INFO: Run Behavior\BuildLiteBehavior [ RunTime:0.000034s ]
INFO: [ app_init ] --END-- [ RunTime:0.000656s ]
ERR: 无法加载模块:Ff_files

[ 2016-04-14T20:03:15+08:00 ] ::1 /active-code/ff_files/sx3.gif
INFO: [ app_init ] --START--
INFO: Run Behavior\BuildLiteBehavior [ RunTime:0.000030s ]
INFO: [ app_init ] --END-- [ RunTime:0.000676s ]
ERR: 无法加载模块:Ff_files

[ 2016-04-14T20:03:15+08:00 ] ::1 /active-code/ff_files/core.php
INFO: [ app_init ] --START--
INFO: Run Behavior\BuildLiteBehavior [ RunTime:0.000021s ]
INFO: [ app_init ] --END-- [ RunTime:0.000468s ]
ERR: 无法加载模块:Ff_files

[ 2016-04-14T20:03:15+08:00 ] ::1 /active-code/ff_files/h.js
INFO: [ app_init ] --START--
INFO: Run Behavior\BuildLiteBehavior [ RunTime:0.000023s ]
INFO: [ app_init ] --END-- [ RunTime:0.000508s ]
ERR: 无法加载模块:Ff_files

[ 2016-04-14T20:03:15+08:00 ] ::1 /active-code/ff_files/21.gif
INFO: [ app_init ] --START--
INFO: Run Behavior\BuildLiteBehavior [ RunTime:0.000022s ]
INFO: [ app_init ] --END-- [ RunTime:0.000494s ]
ERR: 无法加载模块:Ff_files

[ 2016-04-14T20:11:05+08:00 ] ::1 /active-code/index.php/Public/css/
INFO: [ app_init ] --START--
INFO: Run Behavior\BuildLiteBehavior [ RunTime:0.000022s ]
INFO: [ app_init ] --END-- [ RunTime:0.000423s ]
ERR: 无法加载模块:Public

[ 2016-04-14T20:11:06+08:00 ] ::1 /active-code/index.php/Public/css/
INFO: [ app_init ] --START--
INFO: Run Behavior\BuildLiteBehavior [ RunTime:0.000021s ]
INFO: [ app_init ] --END-- [ RunTime:0.000437s ]
ERR: 无法加载模块:Public

[ 2016-04-14T20:11:06+08:00 ] ::1 /active-code/index.php/Public/css/
INFO: [ app_init ] --START--
INFO: Run Behavior\BuildLiteBehavior [ RunTime:0.000021s ]
INFO: [ app_init ] --END-- [ RunTime:0.000384s ]
ERR: 无法加载模块:Public

[ 2016-04-14T20:11:35+08:00 ] ::1 /active-code/index.php/Public/css/
INFO: [ app_init ] --START--
INFO: Run Behavior\BuildLiteBehavior [ RunTime:0.000020s ]
INFO: [ app_init ] --END-- [ RunTime:0.000364s ]
ERR: 无法加载模块:Public

[ 2016-04-14T20:11:35+08:00 ] ::1 /active-code/index.php/Public/css/
INFO: [ app_init ] --START--
INFO: Run Behavior\BuildLiteBehavior [ RunTime:0.000019s ]
INFO: [ app_init ] --END-- [ RunTime:0.000383s ]
ERR: 无法加载模块:Public

[ 2016-04-14T20:11:36+08:00 ] ::1 /active-code/index.php/Public/css/
INFO: [ app_init ] --START--
INFO: Run Behavior\BuildLiteBehavior [ RunTime:0.000021s ]
INFO: [ app_init ] --END-- [ RunTime:0.000398s ]
ERR: 无法加载模块:Public

[ 2016-04-14T20:11:36+08:00 ] ::1 /active-code/index.php/Public/css/
INFO: [ app_init ] --START--
INFO: Run Behavior\BuildLiteBehavior [ RunTime:0.000030s ]
INFO: [ app_init ] --END-- [ RunTime:0.000529s ]
ERR: 无法加载模块:Public

[ 2016-04-14T20:14:24+08:00 ] ::1 /active-code/index.php/Public/css/
INFO: [ app_init ] --START--
INFO: Run Behavior\BuildLiteBehavior [ RunTime:0.000030s ]
INFO: [ app_init ] --END-- [ RunTime:0.000557s ]
ERR: 无法加载模块:Public

[ 2016-04-14T20:14:24+08:00 ] ::1 /active-code/index.php/Public/css/
INFO: [ app_init ] --START--
INFO: Run Behavior\BuildLiteBehavior [ RunTime:0.000032s ]
INFO: [ app_init ] --END-- [ RunTime:0.000616s ]
ERR: 无法加载模块:Public

[ 2016-04-14T20:14:25+08:00 ] ::1 /active-code/index.php/Public/css/
INFO: [ app_init ] --START--
INFO: Run Behavior\BuildLiteBehavior [ RunTime:0.000032s ]
INFO: [ app_init ] --END-- [ RunTime:0.000538s ]
ERR: 无法加载模块:Public

[ 2016-04-14T20:14:25+08:00 ] ::1 /active-code/index.php/Public/css/
INFO: [ app_init ] --START--
INFO: Run Behavior\BuildLiteBehavior [ RunTime:0.000033s ]
INFO: [ app_init ] --END-- [ RunTime:0.000591s ]
ERR: 无法加载模块:Public

[ 2016-04-14T20:34:57+08:00 ] ::1 /active-code/Index/index.html
INFO: [ app_init ] --START--
INFO: Run Behavior\BuildLiteBehavior [ RunTime:0.000026s ]
INFO: [ app_init ] --END-- [ RunTime:0.000641s ]
ERR: 无法加载模块:Index

[ 2016-04-14T20:34:58+08:00 ] ::1 /active-code/Index/index.html
INFO: [ app_init ] --START--
INFO: Run Behavior\BuildLiteBehavior [ RunTime:0.000030s ]
INFO: [ app_init ] --END-- [ RunTime:0.000645s ]
ERR: 无法加载模块:Index

[ 2016-04-14T20:34:58+08:00 ] ::1 /active-code/Index/index.html
INFO: [ app_init ] --START--
INFO: Run Behavior\BuildLiteBehavior [ RunTime:0.000036s ]
INFO: [ app_init ] --END-- [ RunTime:0.000720s ]
ERR: 无法加载模块:Index

[ 2016-04-14T20:34:58+08:00 ] ::1 /active-code/Index/index.html
INFO: [ app_init ] --START--
INFO: Run Behavior\BuildLiteBehavior [ RunTime:0.000037s ]
INFO: [ app_init ] --END-- [ RunTime:0.000733s ]
ERR: 无法加载模块:Index

[ 2016-04-14T20:35:05+08:00 ] ::1 /active-code/index.php//active-code/Public/css/style.css
INFO: [ app_init ] --START--
INFO: Run Behavior\BuildLiteBehavior [ RunTime:0.000036s ]
INFO: [ app_init ] --END-- [ RunTime:0.000721s ]
ERR: 无法加载模块:Active-code

[ 2016-04-14T20:40:57+08:00 ] ::1 /active-code//active-code/Public/css/style.css
ERR: 无法加载模块:Active-code

[ 2016-04-14T20:40:58+08:00 ] ::1 /active-code//active-code/Public/css/style.css
ERR: 无法加载模块:Active-code

[ 2016-04-14T20:40:58+08:00 ] ::1 /active-code//active-code/Public/css/style.css
ERR: 无法加载模块:Active-code

[ 2016-04-14T20:40:58+08:00 ] ::1 /active-code//active-code/Public/css/style.css
ERR: 无法加载模块:Active-code

