[ 2016-04-15T00:26:37+08:00 ] ::1 /active-code/get
ERR: 无法加载模块:Get

[ 2016-04-15T00:26:43+08:00 ] ::1 /active-code/Get
ERR: 无法加载模块:Get

[ 2016-04-15T00:26:52+08:00 ] ::1 /active-code/Get/get
ERR: 无法加载模块:Get

[ 2016-04-15T00:27:18+08:00 ] ::1 /active-code/Get/get
ERR: 无法加载模块:Get

[ 2016-04-15T00:27:18+08:00 ] ::1 /active-code/Get/get
ERR: 无法加载模块:Get

[ 2016-04-15T00:27:19+08:00 ] ::1 /active-code/Get/get
ERR: 无法加载模块:Get

[ 2016-04-15T00:27:19+08:00 ] ::1 /active-code/Get/get
ERR: 无法加载模块:Get

[ 2016-04-15T00:27:19+08:00 ] ::1 /active-code/Get/get
ERR: 无法加载模块:Get

[ 2016-04-15T00:27:22+08:00 ] ::1 /active-code/Get
ERR: 无法加载模块:Get

[ 2016-04-15T00:29:42+08:00 ] ::1 /active-code/index.php/Get
ERR: 无法加载模块:Get

[ 2016-04-15T00:29:48+08:00 ] ::1 /active-code/Get
ERR: 无法加载模块:Get

[ 2016-04-15T00:38:14+08:00 ] ::1 /active-code/Get
ERR: 无法加载模块:Get

[ 2016-04-15T00:38:15+08:00 ] ::1 /active-code/Get
ERR: 无法加载模块:Get

[ 2016-04-15T00:38:15+08:00 ] ::1 /active-code/Get
ERR: 无法加载模块:Get

[ 2016-04-15T00:38:16+08:00 ] ::1 /active-code/Get
ERR: 无法加载模块:Get

[ 2016-04-15T00:38:16+08:00 ] ::1 /active-code/Get
ERR: 无法加载模块:Get

[ 2016-04-15T00:38:16+08:00 ] ::1 /active-code/Get
ERR: 无法加载模块:Get

[ 2016-04-15T00:38:16+08:00 ] ::1 /active-code/Get
ERR: 无法加载模块:Get

[ 2016-04-15T00:38:16+08:00 ] ::1 /active-code/Get
ERR: 无法加载模块:Get

[ 2016-04-15T00:38:17+08:00 ] ::1 /active-code/Get
ERR: 无法加载模块:Get

[ 2016-04-15T00:38:17+08:00 ] ::1 /active-code/Get
ERR: 无法加载模块:Get

[ 2016-04-15T00:38:17+08:00 ] ::1 /active-code/Get
ERR: 无法加载模块:Get

[ 2016-04-15T00:39:21+08:00 ] ::1 /active-code/index.php/Index
ERR: 无法加载模块:Index

[ 2016-04-15T00:40:21+08:00 ] ::1 /active-code/Index
ERR: 无法加载模块:Index

[ 2016-04-15T00:40:24+08:00 ] ::1 /active-code/Index
ERR: 无法加载模块:Index

[ 2016-04-15T00:40:39+08:00 ] ::1 /active-code/Index/index.html
ERR: 无法加载模块:Index

[ 2016-04-15T00:41:18+08:00 ] ::1 /active-code/Index/index.html
ERR: 无法加载模块:Index

[ 2016-04-15T00:41:19+08:00 ] ::1 /active-code/Index/index.html
ERR: 无法加载模块:Index

[ 2016-04-15T00:41:19+08:00 ] ::1 /active-code/Index/index.html
ERR: 无法加载模块:Index

[ 2016-04-15T00:41:19+08:00 ] ::1 /active-code/Index/index.html
ERR: 无法加载模块:Index

[ 2016-04-15T00:41:19+08:00 ] ::1 /active-code/Index/index.html
ERR: 无法加载模块:Index

[ 2016-04-15T00:41:20+08:00 ] ::1 /active-code/Index/index.html
ERR: 无法加载模块:Index

[ 2016-04-15T00:41:20+08:00 ] ::1 /active-code/Index/index.html
ERR: 无法加载模块:Index

[ 2016-04-15T00:41:33+08:00 ] ::1 /active-code/index.php/Index
ERR: 无法加载模块:Index

[ 2016-04-15T13:14:37+08:00 ] ::1 /active-code/U('Index/get')
ERR: 无法加载模块:U('Index

[ 2016-04-15T13:14:52+08:00 ] ::1 /active-code/'U('Index/get')'
ERR: 无法加载模块:'U('Index

[ 2016-04-15T13:17:00+08:00 ] ::1 /active-code/Get/get
ERR: 无法加载模块:Get

[ 2016-04-15T13:20:50+08:00 ] ::1 /active-code/Get/get
ERR: 无法加载模块:Get

[ 2016-04-15T13:20:50+08:00 ] ::1 /active-code/Get/get
ERR: 无法加载模块:Get

[ 2016-04-15T13:20:50+08:00 ] ::1 /active-code/Get/get
ERR: 无法加载模块:Get

[ 2016-04-15T13:21:02+08:00 ] ::1 /active-code/Get/get
ERR: 无法加载模块:Get

[ 2016-04-15T13:21:03+08:00 ] ::1 /active-code/Get/get
ERR: 无法加载模块:Get

[ 2016-04-15T13:21:03+08:00 ] ::1 /active-code/Get/get
ERR: 无法加载模块:Get

[ 2016-04-15T13:21:34+08:00 ] ::1 /active-code/Get/get
INFO: [ app_init ] --START--
INFO: Run Behavior\BuildLiteBehavior [ RunTime:0.000020s ]
INFO: [ app_init ] --END-- [ RunTime:0.000406s ]
ERR: 无法加载模块:Get

[ 2016-04-15T13:21:35+08:00 ] ::1 /active-code/Get/get
INFO: [ app_init ] --START--
INFO: Run Behavior\BuildLiteBehavior [ RunTime:0.000019s ]
INFO: [ app_init ] --END-- [ RunTime:0.000380s ]
ERR: 无法加载模块:Get

[ 2016-04-15T13:21:35+08:00 ] ::1 /active-code/Get/get
INFO: [ app_init ] --START--
INFO: Run Behavior\BuildLiteBehavior [ RunTime:0.000018s ]
INFO: [ app_init ] --END-- [ RunTime:0.000383s ]
ERR: 无法加载模块:Get

[ 2016-04-15T13:22:09+08:00 ] ::1 /active-code/Get/get
INFO: [ app_init ] --START--
INFO: Run Behavior\BuildLiteBehavior [ RunTime:0.000057s ]
INFO: [ app_init ] --END-- [ RunTime:0.001008s ]
ERR: 无法加载模块:Get

[ 2016-04-15T13:22:09+08:00 ] ::1 /active-code/Get/get
INFO: [ app_init ] --START--
INFO: Run Behavior\BuildLiteBehavior [ RunTime:0.000021s ]
INFO: [ app_init ] --END-- [ RunTime:0.000425s ]
ERR: 无法加载模块:Get

[ 2016-04-15T13:22:09+08:00 ] ::1 /active-code/Get/get
INFO: [ app_init ] --START--
INFO: Run Behavior\BuildLiteBehavior [ RunTime:0.000020s ]
INFO: [ app_init ] --END-- [ RunTime:0.000397s ]
ERR: 无法加载模块:Get

[ 2016-04-15T13:22:09+08:00 ] ::1 /active-code/Get/get
INFO: [ app_init ] --START--
INFO: Run Behavior\BuildLiteBehavior [ RunTime:0.000018s ]
INFO: [ app_init ] --END-- [ RunTime:0.000378s ]
ERR: 无法加载模块:Get

[ 2016-04-15T13:22:09+08:00 ] ::1 /active-code/Get/get
INFO: [ app_init ] --START--
INFO: Run Behavior\BuildLiteBehavior [ RunTime:0.000019s ]
INFO: [ app_init ] --END-- [ RunTime:0.000399s ]
ERR: 无法加载模块:Get

[ 2016-04-15T13:22:09+08:00 ] ::1 /active-code/Get/get
INFO: [ app_init ] --START--
INFO: Run Behavior\BuildLiteBehavior [ RunTime:0.000017s ]
INFO: [ app_init ] --END-- [ RunTime:0.000350s ]
ERR: 无法加载模块:Get

[ 2016-04-15T13:22:09+08:00 ] ::1 /active-code/Get/get
INFO: [ app_init ] --START--
INFO: Run Behavior\BuildLiteBehavior [ RunTime:0.000031s ]
INFO: [ app_init ] --END-- [ RunTime:0.000410s ]
ERR: 无法加载模块:Get

[ 2016-04-15T13:22:10+08:00 ] ::1 /active-code/Get/get
INFO: [ app_init ] --START--
INFO: Run Behavior\BuildLiteBehavior [ RunTime:0.000021s ]
INFO: [ app_init ] --END-- [ RunTime:0.000392s ]
ERR: 无法加载模块:Get

[ 2016-04-15T13:22:10+08:00 ] ::1 /active-code/Get/get
INFO: [ app_init ] --START--
INFO: Run Behavior\BuildLiteBehavior [ RunTime:0.000019s ]
INFO: [ app_init ] --END-- [ RunTime:0.000371s ]
ERR: 无法加载模块:Get

[ 2016-04-15T13:23:36+08:00 ] ::1 /active-code/Get/get
INFO: [ app_init ] --START--
INFO: Run Behavior\BuildLiteBehavior [ RunTime:0.000019s ]
INFO: [ app_init ] --END-- [ RunTime:0.000459s ]
ERR: 无法加载模块:Get

[ 2016-04-15T13:23:36+08:00 ] ::1 /active-code/Get/get
INFO: [ app_init ] --START--
INFO: Run Behavior\BuildLiteBehavior [ RunTime:0.000019s ]
INFO: [ app_init ] --END-- [ RunTime:0.000379s ]
ERR: 无法加载模块:Get

[ 2016-04-15T13:23:36+08:00 ] ::1 /active-code/Get/get
INFO: [ app_init ] --START--
INFO: Run Behavior\BuildLiteBehavior [ RunTime:0.000018s ]
INFO: [ app_init ] --END-- [ RunTime:0.000390s ]
ERR: 无法加载模块:Get

[ 2016-04-15T13:27:10+08:00 ] ::1 /active-code/Get/get
INFO: [ app_init ] --START--
INFO: Run Behavior\BuildLiteBehavior [ RunTime:0.000018s ]
INFO: [ app_init ] --END-- [ RunTime:0.000436s ]
ERR: 无法加载模块:Get

[ 2016-04-15T13:27:11+08:00 ] ::1 /active-code/Get/get
INFO: [ app_init ] --START--
INFO: Run Behavior\BuildLiteBehavior [ RunTime:0.000019s ]
INFO: [ app_init ] --END-- [ RunTime:0.000381s ]
ERR: 无法加载模块:Get

[ 2016-04-15T13:27:11+08:00 ] ::1 /active-code/Get/get
INFO: [ app_init ] --START--
INFO: Run Behavior\BuildLiteBehavior [ RunTime:0.000020s ]
INFO: [ app_init ] --END-- [ RunTime:0.000394s ]
ERR: 无法加载模块:Get

[ 2016-04-15T13:27:11+08:00 ] ::1 /active-code/Get/get
INFO: [ app_init ] --START--
INFO: Run Behavior\BuildLiteBehavior [ RunTime:0.000020s ]
INFO: [ app_init ] --END-- [ RunTime:0.000380s ]
ERR: 无法加载模块:Get

[ 2016-04-15T13:27:11+08:00 ] ::1 /active-code/Get/get
INFO: [ app_init ] --START--
INFO: Run Behavior\BuildLiteBehavior [ RunTime:0.000019s ]
INFO: [ app_init ] --END-- [ RunTime:0.000389s ]
ERR: 无法加载模块:Get

[ 2016-04-15T13:27:12+08:00 ] ::1 /active-code/Get/get
INFO: [ app_init ] --START--
INFO: Run Behavior\BuildLiteBehavior [ RunTime:0.000019s ]
INFO: [ app_init ] --END-- [ RunTime:0.000390s ]
ERR: 无法加载模块:Get

[ 2016-04-15T13:27:12+08:00 ] ::1 /active-code/Get/get
INFO: [ app_init ] --START--
INFO: Run Behavior\BuildLiteBehavior [ RunTime:0.000018s ]
INFO: [ app_init ] --END-- [ RunTime:0.000363s ]
ERR: 无法加载模块:Get

[ 2016-04-15T13:27:12+08:00 ] ::1 /active-code/Get/get
INFO: [ app_init ] --START--
INFO: Run Behavior\BuildLiteBehavior [ RunTime:0.000030s ]
INFO: [ app_init ] --END-- [ RunTime:0.000612s ]
ERR: 无法加载模块:Get

[ 2016-04-15T13:29:28+08:00 ] ::1 /active-code/Get/get
INFO: [ app_init ] --START--
INFO: Run Behavior\BuildLiteBehavior [ RunTime:0.000019s ]
INFO: [ app_init ] --END-- [ RunTime:0.000404s ]
ERR: 无法加载模块:Get

[ 2016-04-15T13:29:28+08:00 ] ::1 /active-code/Get/get
INFO: [ app_init ] --START--
INFO: Run Behavior\BuildLiteBehavior [ RunTime:0.000031s ]
INFO: [ app_init ] --END-- [ RunTime:0.000382s ]
ERR: 无法加载模块:Get

[ 2016-04-15T13:29:28+08:00 ] ::1 /active-code/Get/get
INFO: [ app_init ] --START--
INFO: Run Behavior\BuildLiteBehavior [ RunTime:0.000021s ]
INFO: [ app_init ] --END-- [ RunTime:0.000418s ]
ERR: 无法加载模块:Get

[ 2016-04-15T13:30:12+08:00 ] ::1 /active-code/Get/get
INFO: [ app_init ] --START--
INFO: Run Behavior\BuildLiteBehavior [ RunTime:0.000017s ]
INFO: [ app_init ] --END-- [ RunTime:0.000380s ]
ERR: 无法加载模块:Get

[ 2016-04-15T13:30:13+08:00 ] ::1 /active-code/Get/get
INFO: [ app_init ] --START--
INFO: Run Behavior\BuildLiteBehavior [ RunTime:0.000019s ]
INFO: [ app_init ] --END-- [ RunTime:0.000385s ]
ERR: 无法加载模块:Get

[ 2016-04-15T13:30:13+08:00 ] ::1 /active-code/Get/get
INFO: [ app_init ] --START--
INFO: Run Behavior\BuildLiteBehavior [ RunTime:0.000018s ]
INFO: [ app_init ] --END-- [ RunTime:0.000373s ]
ERR: 无法加载模块:Get

[ 2016-04-15T13:30:13+08:00 ] ::1 /active-code/Get/get
INFO: [ app_init ] --START--
INFO: Run Behavior\BuildLiteBehavior [ RunTime:0.000021s ]
INFO: [ app_init ] --END-- [ RunTime:0.000416s ]
ERR: 无法加载模块:Get

[ 2016-04-15T13:30:13+08:00 ] ::1 /active-code/Get/get
INFO: [ app_init ] --START--
INFO: Run Behavior\BuildLiteBehavior [ RunTime:0.000020s ]
INFO: [ app_init ] --END-- [ RunTime:0.000420s ]
ERR: 无法加载模块:Get

[ 2016-04-15T13:30:14+08:00 ] ::1 /active-code/Get/get
INFO: [ app_init ] --START--
INFO: Run Behavior\BuildLiteBehavior [ RunTime:0.000020s ]
INFO: [ app_init ] --END-- [ RunTime:0.000383s ]
ERR: 无法加载模块:Get

[ 2016-04-15T13:30:14+08:00 ] ::1 /active-code/Get/get
INFO: [ app_init ] --START--
INFO: Run Behavior\BuildLiteBehavior [ RunTime:0.000019s ]
INFO: [ app_init ] --END-- [ RunTime:0.000371s ]
ERR: 无法加载模块:Get

[ 2016-04-15T13:30:14+08:00 ] ::1 /active-code/Get/get
INFO: [ app_init ] --START--
INFO: Run Behavior\BuildLiteBehavior [ RunTime:0.000018s ]
INFO: [ app_init ] --END-- [ RunTime:0.000396s ]
ERR: 无法加载模块:Get

[ 2016-04-15T13:30:15+08:00 ] ::1 /active-code/Get/get
INFO: [ app_init ] --START--
INFO: Run Behavior\BuildLiteBehavior [ RunTime:0.000033s ]
INFO: [ app_init ] --END-- [ RunTime:0.000597s ]
ERR: 无法加载模块:Get

[ 2016-04-15T13:30:15+08:00 ] ::1 /active-code/Get/get
INFO: [ app_init ] --START--
INFO: Run Behavior\BuildLiteBehavior [ RunTime:0.000040s ]
INFO: [ app_init ] --END-- [ RunTime:0.000980s ]
ERR: 无法加载模块:Get

[ 2016-04-15T13:30:15+08:00 ] ::1 /active-code/Get/get
INFO: [ app_init ] --START--
INFO: Run Behavior\BuildLiteBehavior [ RunTime:0.000036s ]
INFO: [ app_init ] --END-- [ RunTime:0.000649s ]
ERR: 无法加载模块:Get

[ 2016-04-15T13:30:15+08:00 ] ::1 /active-code/Get/get
INFO: [ app_init ] --START--
INFO: Run Behavior\BuildLiteBehavior [ RunTime:0.000038s ]
INFO: [ app_init ] --END-- [ RunTime:0.000650s ]
ERR: 无法加载模块:Get

[ 2016-04-15T13:30:15+08:00 ] ::1 /active-code/Get/get
INFO: [ app_init ] --START--
INFO: Run Behavior\BuildLiteBehavior [ RunTime:0.000037s ]
INFO: [ app_init ] --END-- [ RunTime:0.000770s ]
ERR: 无法加载模块:Get

[ 2016-04-15T13:30:15+08:00 ] ::1 /active-code/Get/get
INFO: [ app_init ] --START--
INFO: Run Behavior\BuildLiteBehavior [ RunTime:0.000022s ]
INFO: [ app_init ] --END-- [ RunTime:0.000427s ]
ERR: 无法加载模块:Get

[ 2016-04-15T13:30:16+08:00 ] ::1 /active-code/Get/get
INFO: [ app_init ] --START--
INFO: Run Behavior\BuildLiteBehavior [ RunTime:0.000031s ]
INFO: [ app_init ] --END-- [ RunTime:0.000551s ]
ERR: 无法加载模块:Get

[ 2016-04-15T13:30:16+08:00 ] ::1 /active-code/Get/get
INFO: [ app_init ] --START--
INFO: Run Behavior\BuildLiteBehavior [ RunTime:0.000021s ]
INFO: [ app_init ] --END-- [ RunTime:0.000398s ]
ERR: 无法加载模块:Get

[ 2016-04-15T13:30:16+08:00 ] ::1 /active-code/Get/get
INFO: [ app_init ] --START--
INFO: Run Behavior\BuildLiteBehavior [ RunTime:0.000020s ]
INFO: [ app_init ] --END-- [ RunTime:0.000411s ]
ERR: 无法加载模块:Get

[ 2016-04-15T13:30:16+08:00 ] ::1 /active-code/Get/get
INFO: [ app_init ] --START--
INFO: Run Behavior\BuildLiteBehavior [ RunTime:0.000023s ]
INFO: [ app_init ] --END-- [ RunTime:0.000542s ]
ERR: 无法加载模块:Get

[ 2016-04-15T13:30:16+08:00 ] ::1 /active-code/Get/get
INFO: [ app_init ] --START--
INFO: Run Behavior\BuildLiteBehavior [ RunTime:0.000017s ]
INFO: [ app_init ] --END-- [ RunTime:0.000370s ]
ERR: 无法加载模块:Get

[ 2016-04-15T13:30:16+08:00 ] ::1 /active-code/Get/get
INFO: [ app_init ] --START--
INFO: Run Behavior\BuildLiteBehavior [ RunTime:0.000021s ]
INFO: [ app_init ] --END-- [ RunTime:0.000420s ]
ERR: 无法加载模块:Get

[ 2016-04-15T13:30:17+08:00 ] ::1 /active-code/Get/get
INFO: [ app_init ] --START--
INFO: Run Behavior\BuildLiteBehavior [ RunTime:0.000018s ]
INFO: [ app_init ] --END-- [ RunTime:0.000402s ]
ERR: 无法加载模块:Get

[ 2016-04-15T13:30:17+08:00 ] ::1 /active-code/Get/get
INFO: [ app_init ] --START--
INFO: Run Behavior\BuildLiteBehavior [ RunTime:0.000018s ]
INFO: [ app_init ] --END-- [ RunTime:0.000375s ]
ERR: 无法加载模块:Get

[ 2016-04-15T13:30:17+08:00 ] ::1 /active-code/Get/get
INFO: [ app_init ] --START--
INFO: Run Behavior\BuildLiteBehavior [ RunTime:0.000020s ]
INFO: [ app_init ] --END-- [ RunTime:0.000408s ]
ERR: 无法加载模块:Get

[ 2016-04-15T13:30:17+08:00 ] ::1 /active-code/Get/get
INFO: [ app_init ] --START--
INFO: Run Behavior\BuildLiteBehavior [ RunTime:0.000020s ]
INFO: [ app_init ] --END-- [ RunTime:0.000398s ]
ERR: 无法加载模块:Get

[ 2016-04-15T13:31:04+08:00 ] ::1 /active-code/Get/get
INFO: [ app_init ] --START--
INFO: Run Behavior\BuildLiteBehavior [ RunTime:0.000021s ]
INFO: [ app_init ] --END-- [ RunTime:0.000411s ]
ERR: 无法加载模块:Get

[ 2016-04-15T13:31:04+08:00 ] ::1 /active-code/Get/get
INFO: [ app_init ] --START--
INFO: Run Behavior\BuildLiteBehavior [ RunTime:0.000017s ]
INFO: [ app_init ] --END-- [ RunTime:0.000350s ]
ERR: 无法加载模块:Get

[ 2016-04-15T13:31:04+08:00 ] ::1 /active-code/Get/get
INFO: [ app_init ] --START--
INFO: Run Behavior\BuildLiteBehavior [ RunTime:0.000020s ]
INFO: [ app_init ] --END-- [ RunTime:0.000381s ]
ERR: 无法加载模块:Get

[ 2016-04-15T13:31:04+08:00 ] ::1 /active-code/Get/get
INFO: [ app_init ] --START--
INFO: Run Behavior\BuildLiteBehavior [ RunTime:0.000021s ]
INFO: [ app_init ] --END-- [ RunTime:0.000428s ]
ERR: 无法加载模块:Get

[ 2016-04-15T13:31:04+08:00 ] ::1 /active-code/Get/get
INFO: [ app_init ] --START--
INFO: Run Behavior\BuildLiteBehavior [ RunTime:0.000030s ]
INFO: [ app_init ] --END-- [ RunTime:0.000585s ]
ERR: 无法加载模块:Get

[ 2016-04-15T13:31:05+08:00 ] ::1 /active-code/Get/get
INFO: [ app_init ] --START--
INFO: Run Behavior\BuildLiteBehavior [ RunTime:0.000021s ]
INFO: [ app_init ] --END-- [ RunTime:0.000399s ]
ERR: 无法加载模块:Get

[ 2016-04-15T13:31:05+08:00 ] ::1 /active-code/Get/get
INFO: [ app_init ] --START--
INFO: Run Behavior\BuildLiteBehavior [ RunTime:0.000022s ]
INFO: [ app_init ] --END-- [ RunTime:0.000413s ]
ERR: 无法加载模块:Get

[ 2016-04-15T13:32:14+08:00 ] ::1 /active-code/Get/get
INFO: [ app_init ] --START--
INFO: Run Behavior\BuildLiteBehavior [ RunTime:0.000030s ]
INFO: [ app_init ] --END-- [ RunTime:0.000489s ]
ERR: 无法加载模块:Get

[ 2016-04-15T13:32:15+08:00 ] ::1 /active-code/Get/get
INFO: [ app_init ] --START--
INFO: Run Behavior\BuildLiteBehavior [ RunTime:0.000019s ]
INFO: [ app_init ] --END-- [ RunTime:0.000395s ]
ERR: 无法加载模块:Get

[ 2016-04-15T13:32:15+08:00 ] ::1 /active-code/Get/get
INFO: [ app_init ] --START--
INFO: Run Behavior\BuildLiteBehavior [ RunTime:0.000020s ]
INFO: [ app_init ] --END-- [ RunTime:0.000381s ]
ERR: 无法加载模块:Get

[ 2016-04-15T13:35:05+08:00 ] ::1 /active-code/Get/get
INFO: [ app_init ] --START--
INFO: Run Behavior\BuildLiteBehavior [ RunTime:0.000018s ]
INFO: [ app_init ] --END-- [ RunTime:0.000387s ]
ERR: 无法加载模块:Get

[ 2016-04-15T13:35:05+08:00 ] ::1 /active-code/Get/get
INFO: [ app_init ] --START--
INFO: Run Behavior\BuildLiteBehavior [ RunTime:0.000018s ]
INFO: [ app_init ] --END-- [ RunTime:0.000357s ]
ERR: 无法加载模块:Get

[ 2016-04-15T13:35:05+08:00 ] ::1 /active-code/Get/get
INFO: [ app_init ] --START--
INFO: Run Behavior\BuildLiteBehavior [ RunTime:0.000030s ]
INFO: [ app_init ] --END-- [ RunTime:0.000590s ]
ERR: 无法加载模块:Get

[ 2016-04-15T13:36:58+08:00 ] ::1 /active-code/Get/get
INFO: [ app_init ] --START--
INFO: Run Behavior\BuildLiteBehavior [ RunTime:0.000021s ]
INFO: [ app_init ] --END-- [ RunTime:0.000426s ]
ERR: 无法加载模块:Get

[ 2016-04-15T13:36:59+08:00 ] ::1 /active-code/Get/get
INFO: [ app_init ] --START--
INFO: Run Behavior\BuildLiteBehavior [ RunTime:0.000018s ]
INFO: [ app_init ] --END-- [ RunTime:0.000353s ]
ERR: 无法加载模块:Get

[ 2016-04-15T13:39:47+08:00 ] ::1 /active-code/Get/get
INFO: [ app_init ] --START--
INFO: Run Behavior\BuildLiteBehavior [ RunTime:0.000022s ]
INFO: [ app_init ] --END-- [ RunTime:0.000422s ]
ERR: 无法加载模块:Get

[ 2016-04-15T13:39:47+08:00 ] ::1 /active-code/Get/get
INFO: [ app_init ] --START--
INFO: Run Behavior\BuildLiteBehavior [ RunTime:0.000019s ]
INFO: [ app_init ] --END-- [ RunTime:0.000389s ]
ERR: 无法加载模块:Get

[ 2016-04-15T13:39:48+08:00 ] ::1 /active-code/Get/get
INFO: [ app_init ] --START--
INFO: Run Behavior\BuildLiteBehavior [ RunTime:0.000019s ]
INFO: [ app_init ] --END-- [ RunTime:0.000387s ]
ERR: 无法加载模块:Get

[ 2016-04-15T13:39:48+08:00 ] ::1 /active-code/Get/get
INFO: [ app_init ] --START--
INFO: Run Behavior\BuildLiteBehavior [ RunTime:0.000055s ]
INFO: [ app_init ] --END-- [ RunTime:0.000535s ]
ERR: 无法加载模块:Get

[ 2016-04-15T13:40:55+08:00 ] ::1 /active-code/Get/get
ERR: 无法加载模块:Get

[ 2016-04-15T13:40:55+08:00 ] ::1 /active-code/Get/get
ERR: 无法加载模块:Get

[ 2016-04-15T13:40:55+08:00 ] ::1 /active-code/Get/get
ERR: 无法加载模块:Get

[ 2016-04-15T13:40:56+08:00 ] ::1 /active-code/Get/get
ERR: 无法加载模块:Get

[ 2016-04-15T13:42:40+08:00 ] ::1 /active-code/Get/get
ERR: 无法加载模块:Get

[ 2016-04-15T13:42:44+08:00 ] ::1 /active-code/Get/get
ERR: 无法加载模块:Get

[ 2016-04-15T13:42:44+08:00 ] ::1 /active-code/Get/get
ERR: 无法加载模块:Get

[ 2016-04-15T13:43:22+08:00 ] ::1 /active-code/Get/get
ERR: 无法加载模块:Get

[ 2016-04-15T13:43:23+08:00 ] ::1 /active-code/Get/get
ERR: 无法加载模块:Get

[ 2016-04-15T13:44:03+08:00 ] ::1 /active-code/Get/get
ERR: 无法加载模块:Get

[ 2016-04-15T13:44:03+08:00 ] ::1 /active-code/Get/get
ERR: 无法加载模块:Get

[ 2016-04-15T13:44:04+08:00 ] ::1 /active-code/Get/get
ERR: 无法加载模块:Get

[ 2016-04-15T13:44:04+08:00 ] ::1 /active-code/Get/get
ERR: 无法加载模块:Get

[ 2016-04-15T13:44:04+08:00 ] ::1 /active-code/Get/get
ERR: 无法加载模块:Get

[ 2016-04-15T13:45:57+08:00 ] ::1 /active-code/Get/get
ERR: 无法加载模块:Get

[ 2016-04-15T13:45:58+08:00 ] ::1 /active-code/Get/get
ERR: 无法加载模块:Get

[ 2016-04-15T13:46:05+08:00 ] ::1 /active-code/User/index
ERR: 无法加载模块:User

[ 2016-04-15T13:46:08+08:00 ] ::1 /active-code/User/index
ERR: 无法加载模块:User

[ 2016-04-15T13:46:50+08:00 ] ::1 /active-code/index.php/User/index
ERR: 无法加载模块:User

[ 2016-04-15T13:46:54+08:00 ] ::1 /active-code/index.php/User/index
ERR: 无法加载模块:User

[ 2016-04-15T13:47:26+08:00 ] ::1 /active-code/index.php/User/hello
ERR: 无法加载模块:User

[ 2016-04-15T13:47:30+08:00 ] ::1 /active-code/User/hello
ERR: 无法加载模块:User

[ 2016-04-15T17:32:52+08:00 ] ::1 /active-code/User/hello
ERR: 无法加载模块:User

[ 2016-04-15T17:34:10+08:00 ] ::1 /active-code/User/hello
INFO: [ app_init ] --START--
INFO: Run Behavior\BuildLiteBehavior [ RunTime:0.000025s ]
INFO: [ app_init ] --END-- [ RunTime:0.000488s ]
ERR: 无法加载模块:User

[ 2016-04-15T17:34:10+08:00 ] ::1 /active-code/User/hello
INFO: [ app_init ] --START--
INFO: Run Behavior\BuildLiteBehavior [ RunTime:0.000019s ]
INFO: [ app_init ] --END-- [ RunTime:0.000352s ]
ERR: 无法加载模块:User

[ 2016-04-15T17:34:11+08:00 ] ::1 /active-code/User/hello
INFO: [ app_init ] --START--
INFO: Run Behavior\BuildLiteBehavior [ RunTime:0.000022s ]
INFO: [ app_init ] --END-- [ RunTime:0.000474s ]
ERR: 无法加载模块:User

[ 2016-04-15T21:07:29+08:00 ] ::1 /active-code/Get/get
INFO: [ app_init ] --START--
INFO: Run Behavior\BuildLiteBehavior [ RunTime:0.000019s ]
INFO: [ app_init ] --END-- [ RunTime:0.000391s ]
ERR: 无法加载模块:Get

[ 2016-04-15T21:12:46+08:00 ] ::1 /active-code/Index/vercode
INFO: [ app_init ] --START--
INFO: Run Behavior\BuildLiteBehavior [ RunTime:0.000019s ]
INFO: [ app_init ] --END-- [ RunTime:0.000380s ]
ERR: 无法加载模块:Index

[ 2016-04-15T21:23:00+08:00 ] ::1 /active-code/Index/vercode
INFO: [ app_init ] --START--
INFO: Run Behavior\BuildLiteBehavior [ RunTime:0.000032s ]
INFO: [ app_init ] --END-- [ RunTime:0.000602s ]
ERR: 无法加载模块:Index

[ 2016-04-15T23:27:07+08:00 ] 169.254.22.194 /active-code/Public/js/jqery.min.js
INFO: [ app_init ] --START--
INFO: Run Behavior\BuildLiteBehavior [ RunTime:0.000022s ]
INFO: [ app_init ] --END-- [ RunTime:0.000549s ]
ERR: 无法加载模块:Public

[ 2016-04-15T23:28:24+08:00 ] 169.254.22.194 /active-code/Public/js/jqery.min.js
INFO: [ app_init ] --START--
INFO: Run Behavior\BuildLiteBehavior [ RunTime:0.000024s ]
INFO: [ app_init ] --END-- [ RunTime:0.000598s ]
ERR: 无法加载模块:Public

